[INFO] Scanning for projects...
[INFO] 
[INFO] ----------------------< org.example:api-gateway >-----------------------
[INFO] Building api-gateway 0.0.1-SNAPSHOT
[INFO]   from pom.xml
[INFO] --------------------------------[ jar ]---------------------------------
[INFO] 
[INFO] >>> spring-boot:3.3.6:run (default-cli) > test-compile @ api-gateway >>>
[INFO] 
[INFO] --- resources:3.3.1:resources (default-resources) @ api-gateway ---
[INFO] Copying 1 resource from src\main\resources to target\classes
[INFO] Copying 3 resources from src\main\resources to target\classes
[INFO] 
[INFO] --- compiler:3.13.0:compile (default-compile) @ api-gateway ---
[INFO] Nothing to compile - all classes are up to date.
[INFO] 
[INFO] --- resources:3.3.1:testResources (default-testResources) @ api-gateway ---
[INFO] Copying 1 resource from src\test\resources to target\test-classes
[INFO] 
[INFO] --- compiler:3.13.0:testCompile (default-testCompile) @ api-gateway ---
[INFO] Nothing to compile - all classes are up to date.
[INFO] 
[INFO] <<< spring-boot:3.3.6:run (default-cli) < test-compile @ api-gateway <<<
[INFO] 
[INFO] 
[INFO] --- spring-boot:3.3.6:run (default-cli) @ api-gateway ---
[INFO] Attaching agents: []

  .   ____          _            __ _ _
 /\\ / ___'_ __ _ _(_)_ __  __ _ \ \ \ \
( ( )\___ | '_ | '_| | '_ \/ _` | \ \ \ \
 \\/  ___)| |_)| | | | | || (_| |  ) ) ) )
  '  |____| .__|_| |_|_| |_\__, | / / / /
 =========|_|==============|___/=/_/_/_/

 :: Spring Boot ::                (v3.3.6)

2026-01-16T17:13:10.302+06:00  INFO 26160 --- [api-gateway] [           main] o.e.m.gateway.ApiGatewayApplication      : Starting ApiGatewayApplication using Java 21.0.9 with PID 26160 (C:\Users\ProBook\Desktop\MegaSegaShop\api-gateway\target\classes started by ProBook in C:\Users\ProBook\Desktop\MegaSegaShop\api-gateway)
2026-01-16T17:13:10.307+06:00  INFO 26160 --- [api-gateway] [           main] o.e.m.gateway.ApiGatewayApplication      : No active profile set, falling back to 1 default profile: "default"
2026-01-16T17:13:10.424+06:00  INFO 26160 --- [api-gateway] [           main] o.s.c.c.c.ConfigServerConfigDataLoader   : Fetching config from server at : http://localhost:8888
2026-01-16T17:13:10.451+06:00  INFO 26160 --- [api-gateway] [           main] o.s.c.c.c.ConfigServerConfigDataLoader   : Located environment: name=api-gateway, profiles=[default], label=null, version=null, state=null
2026-01-16T17:13:12.926+06:00  INFO 26160 --- [api-gateway] [           main] o.s.cloud.context.scope.GenericScope     : BeanFactory id=2f6106c6-3e95-355a-95fa-021b1f1f0bda
2026-01-16T17:13:14.500+06:00  INFO 26160 --- [api-gateway] [           main] o.s.c.g.r.RouteDefinitionRouteLocator    : Loaded RoutePredicateFactory [After]
2026-01-16T17:13:14.501+06:00  INFO 26160 --- [api-gateway] [           main] o.s.c.g.r.RouteDefinitionRouteLocator    : Loaded RoutePredicateFactory [Before]
2026-01-16T17:13:14.501+06:00  INFO 26160 --- [api-gateway] [           main] o.s.c.g.r.RouteDefinitionRouteLocator    : Loaded RoutePredicateFactory [Between]
2026-01-16T17:13:14.502+06:00  INFO 26160 --- [api-gateway] [           main] o.s.c.g.r.RouteDefinitionRouteLocator    : Loaded RoutePredicateFactory [Cookie]
2026-01-16T17:13:14.502+06:00  INFO 26160 --- [api-gateway] [           main] o.s.c.g.r.RouteDefinitionRouteLocator    : Loaded RoutePredicateFactory [Header]
2026-01-16T17:13:14.502+06:00  INFO 26160 --- [api-gateway] [           main] o.s.c.g.r.RouteDefinitionRouteLocator    : Loaded RoutePredicateFactory [Host]
2026-01-16T17:13:14.503+06:00  INFO 26160 --- [api-gateway] [           main] o.s.c.g.r.RouteDefinitionRouteLocator    : Loaded RoutePredicateFactory [Method]
2026-01-16T17:13:14.503+06:00  INFO 26160 --- [api-gateway] [           main] o.s.c.g.r.RouteDefinitionRouteLocator    : Loaded RoutePredicateFactory [Path]
2026-01-16T17:13:14.504+06:00  INFO 26160 --- [api-gateway] [           main] o.s.c.g.r.RouteDefinitionRouteLocator    : Loaded RoutePredicateFactory [Query]
2026-01-16T17:13:14.504+06:00  INFO 26160 --- [api-gateway] [           main] o.s.c.g.r.RouteDefinitionRouteLocator    : Loaded RoutePredicateFactory [ReadBody]
2026-01-16T17:13:14.505+06:00  INFO 26160 --- [api-gateway] [           main] o.s.c.g.r.RouteDefinitionRouteLocator    : Loaded RoutePredicateFactory [RemoteAddr]
2026-01-16T17:13:14.505+06:00  INFO 26160 --- [api-gateway] [           main] o.s.c.g.r.RouteDefinitionRouteLocator    : Loaded RoutePredicateFactory [XForwardedRemoteAddr]
2026-01-16T17:13:14.508+06:00  INFO 26160 --- [api-gateway] [           main] o.s.c.g.r.RouteDefinitionRouteLocator    : Loaded RoutePredicateFactory [Weight]
2026-01-16T17:13:14.508+06:00  INFO 26160 --- [api-gateway] [           main] o.s.c.g.r.RouteDefinitionRouteLocator    : Loaded RoutePredicateFactory [CloudFoundryRouteService]
2026-01-16T17:13:15.111+06:00  INFO 26160 --- [api-gateway] [           main] o.s.b.a.e.web.EndpointLinksResolver      : Exposing 2 endpoints beneath base path '/actuator'
2026-01-16T17:13:15.461+06:00  INFO 26160 --- [api-gateway] [           main] DiscoveryClientOptionalArgsConfiguration : Eureka HTTP Client uses RestTemplate.
2026-01-16T17:13:15.513+06:00  WARN 26160 --- [api-gateway] [           main] iguration$LoadBalancerCaffeineWarnLogger : Spring Cloud LoadBalancer is currently working with the default cache. While this cache implementation is useful for development and tests, it's recommended to use Caffeine cache in production.You can switch to using Caffeine cache, by adding it and org.springframework.cache.caffeine.CaffeineCacheManager to the classpath.
2026-01-16T17:13:15.596+06:00  INFO 26160 --- [api-gateway] [           main] o.s.c.n.eureka.InstanceInfoFactory       : Setting initial instance status as: STARTING
2026-01-16T17:13:15.630+06:00  INFO 26160 --- [api-gateway] [           main] com.netflix.discovery.DiscoveryClient    : Initializing Eureka in region us-east-1
2026-01-16T17:13:15.638+06:00  INFO 26160 --- [api-gateway] [           main] c.n.d.s.r.aws.ConfigClusterResolver      : Resolving eureka endpoints via configuration
2026-01-16T17:13:15.651+06:00  INFO 26160 --- [api-gateway] [           main] com.netflix.discovery.DiscoveryClient    : Disable delta property : false
2026-01-16T17:13:15.651+06:00  INFO 26160 --- [api-gateway] [           main] com.netflix.discovery.DiscoveryClient    : Single vip registry refresh property : null
2026-01-16T17:13:15.652+06:00  INFO 26160 --- [api-gateway] [           main] com.netflix.discovery.DiscoveryClient    : Force full registry fetch : false
2026-01-16T17:13:15.653+06:00  INFO 26160 --- [api-gateway] [           main] com.netflix.discovery.DiscoveryClient    : Application is null : false
2026-01-16T17:13:15.653+06:00  INFO 26160 --- [api-gateway] [           main] com.netflix.discovery.DiscoveryClient    : Registered Applications size is zero : true
2026-01-16T17:13:15.653+06:00  INFO 26160 --- [api-gateway] [           main] com.netflix.discovery.DiscoveryClient    : Application version is -1: true
2026-01-16T17:13:15.654+06:00  INFO 26160 --- [api-gateway] [           main] com.netflix.discovery.DiscoveryClient    : Getting all instance registry info from the eureka server
2026-01-16T17:13:16.292+06:00  INFO 26160 --- [api-gateway] [           main] com.netflix.discovery.DiscoveryClient    : The response status is 200
2026-01-16T17:13:16.294+06:00  INFO 26160 --- [api-gateway] [           main] com.netflix.discovery.DiscoveryClient    : Starting heartbeat executor: renew interval is: 30
2026-01-16T17:13:16.297+06:00  INFO 26160 --- [api-gateway] [           main] c.n.discovery.InstanceInfoReplicator     : InstanceInfoReplicator onDemand update allowed rate per min is 4
2026-01-16T17:13:16.299+06:00  INFO 26160 --- [api-gateway] [           main] com.netflix.discovery.DiscoveryClient    : Discovery Client initialized at timestamp 1768561996299 with initial instances count: 0
2026-01-16T17:13:16.305+06:00  INFO 26160 --- [api-gateway] [           main] o.s.c.n.e.s.EurekaServiceRegistry        : Registering application API-GATEWAY with eureka with status UP
2026-01-16T17:13:16.306+06:00  INFO 26160 --- [api-gateway] [           main] com.netflix.discovery.DiscoveryClient    : Saw local status change event StatusChangeEvent [timestamp=1768561996306, current=UP, previous=STARTING]
2026-01-16T17:13:16.309+06:00  INFO 26160 --- [api-gateway] [foReplicator-%d] com.netflix.discovery.DiscoveryClient    : DiscoveryClient_API-GATEWAY/DESKTOP-75B4A1I.mshome.net:api-gateway:8080: registering service...
2026-01-16T17:13:16.464+06:00  INFO 26160 --- [api-gateway] [foReplicator-%d] com.netflix.discovery.DiscoveryClient    : DiscoveryClient_API-GATEWAY/DESKTOP-75B4A1I.mshome.net:api-gateway:8080 - registration status: 204
2026-01-16T17:13:16.604+06:00  INFO 26160 --- [api-gateway] [           main] o.s.b.web.embedded.netty.NettyWebServer  : Netty started on port 8080 (http)
2026-01-16T17:13:16.606+06:00  INFO 26160 --- [api-gateway] [           main] .s.c.n.e.s.EurekaAutoServiceRegistration : Updating port to 8080
2026-01-16T17:13:16.725+06:00  INFO 26160 --- [api-gateway] [           main] o.e.m.gateway.ApiGatewayApplication      : Started ApiGatewayApplication in 10.117 seconds (process running for 11.932)
2026-01-16T17:13:46.303+06:00  INFO 26160 --- [api-gateway] [reshExecutor-%d] com.netflix.discovery.DiscoveryClient    : Disable delta property : false
2026-01-16T17:13:46.304+06:00  INFO 26160 --- [api-gateway] [reshExecutor-%d] com.netflix.discovery.DiscoveryClient    : Single vip registry refresh property : null
2026-01-16T17:13:46.304+06:00  INFO 26160 --- [api-gateway] [reshExecutor-%d] com.netflix.discovery.DiscoveryClient    : Force full registry fetch : false
2026-01-16T17:13:46.304+06:00  INFO 26160 --- [api-gateway] [reshExecutor-%d] com.netflix.discovery.DiscoveryClient    : Application is null : false
2026-01-16T17:13:46.304+06:00  INFO 26160 --- [api-gateway] [reshExecutor-%d] com.netflix.discovery.DiscoveryClient    : Registered Applications size is zero : true
2026-01-16T17:13:46.305+06:00  INFO 26160 --- [api-gateway] [reshExecutor-%d] com.netflix.discovery.DiscoveryClient    : Application version is -1: false
2026-01-16T17:13:46.305+06:00  INFO 26160 --- [api-gateway] [reshExecutor-%d] com.netflix.discovery.DiscoveryClient    : Getting all instance registry info from the eureka server
2026-01-16T17:13:46.331+06:00  INFO 26160 --- [api-gateway] [reshExecutor-%d] com.netflix.discovery.DiscoveryClient    : The response status is 200
2026-01-16T17:18:15.659+06:00  INFO 26160 --- [api-gateway] [rap-executor-%d] c.n.d.s.r.aws.ConfigClusterResolver      : Resolving eureka endpoints via configuration
2026-01-16T17:23:15.673+06:00  INFO 26160 --- [api-gateway] [rap-executor-%d] c.n.d.s.r.aws.ConfigClusterResolver      : Resolving eureka endpoints via configuration
2026-01-16T17:28:15.680+06:00  INFO 26160 --- [api-gateway] [rap-executor-%d] c.n.d.s.r.aws.ConfigClusterResolver      : Resolving eureka endpoints via configuration
