[INFO] Scanning for projects...
[INFO] 
[INFO] ----------------------< org.example:auth-service >----------------------
[INFO] Building auth-service 0.0.1-SNAPSHOT
[INFO]   from pom.xml
[INFO] --------------------------------[ jar ]---------------------------------
[INFO] 
[INFO] >>> spring-boot:3.3.6:run (default-cli) > test-compile @ auth-service >>>
[INFO] 
[INFO] --- resources:3.3.1:resources (default-resources) @ auth-service ---
[INFO] Copying 1 resource from src\main\resources to target\classes
[INFO] Copying 0 resource from src\main\resources to target\classes
[INFO] 
[INFO] --- compiler:3.13.0:compile (default-compile) @ auth-service ---
[INFO] Nothing to compile - all classes are up to date.
[INFO] 
[INFO] --- resources:3.3.1:testResources (default-testResources) @ auth-service ---
[INFO] Copying 1 resource from src\test\resources to target\test-classes
[INFO] 
[INFO] --- compiler:3.13.0:testCompile (default-testCompile) @ auth-service ---
[INFO] Nothing to compile - all classes are up to date.
[INFO] 
[INFO] <<< spring-boot:3.3.6:run (default-cli) < test-compile @ auth-service <<<
[INFO] 
[INFO] 
[INFO] --- spring-boot:3.3.6:run (default-cli) @ auth-service ---
[INFO] Attaching agents: []

  .   ____          _            __ _ _
 /\\ / ___'_ __ _ _(_)_ __  __ _ \ \ \ \
( ( )\___ | '_ | '_| | '_ \/ _` | \ \ \ \
 \\/  ___)| |_)| | | | | || (_| |  ) ) ) )
  '  |____| .__|_| |_|_| |_\__, | / / / /
 =========|_|==============|___/=/_/_/_/

 :: Spring Boot ::                (v3.3.6)

2026-01-16T17:13:10.375+06:00  INFO 21944 --- [auth-service] [           main] o.e.m.auth.AuthServiceApplication        : Starting AuthServiceApplication using Java 21.0.9 with PID 21944 (C:\Users\ProBook\Desktop\MegaSegaShop\auth-service\target\classes started by ProBook in C:\Users\ProBook\Desktop\MegaSegaShop\auth-service)
2026-01-16T17:13:10.401+06:00  INFO 21944 --- [auth-service] [           main] o.e.m.auth.AuthServiceApplication        : No active profile set, falling back to 1 default profile: "default"
2026-01-16T17:13:10.488+06:00  INFO 21944 --- [auth-service] [           main] o.s.c.c.c.ConfigServerConfigDataLoader   : Fetching config from server at : http://localhost:8888
2026-01-16T17:13:10.650+06:00  INFO 21944 --- [auth-service] [           main] o.s.c.c.c.ConfigServerConfigDataLoader   : Located environment: name=auth-service, profiles=[default], label=null, version=null, state=null
2026-01-16T17:13:12.726+06:00  INFO 21944 --- [auth-service] [           main] .s.d.r.c.RepositoryConfigurationDelegate : Bootstrapping Spring Data JPA repositories in DEFAULT mode.
2026-01-16T17:13:12.950+06:00  INFO 21944 --- [auth-service] [           main] .s.d.r.c.RepositoryConfigurationDelegate : Finished Spring Data repository scanning in 213 ms. Found 1 JPA repository interface.
2026-01-16T17:13:13.390+06:00  INFO 21944 --- [auth-service] [           main] o.s.cloud.context.scope.GenericScope     : BeanFactory id=78639550-6e2b-3617-b9fd-234dd2b3d8dc
2026-01-16T17:13:14.550+06:00  INFO 21944 --- [auth-service] [           main] o.s.b.w.embedded.tomcat.TomcatWebServer  : Tomcat initialized with port 8081 (http)
2026-01-16T17:13:14.578+06:00  INFO 21944 --- [auth-service] [           main] o.apache.catalina.core.StandardService   : Starting service [Tomcat]
2026-01-16T17:13:14.578+06:00  INFO 21944 --- [auth-service] [           main] o.apache.catalina.core.StandardEngine    : Starting Servlet engine: [Apache Tomcat/10.1.33]
2026-01-16T17:13:14.756+06:00  INFO 21944 --- [auth-service] [           main] o.a.c.c.C.[Tomcat].[localhost].[/]       : Initializing Spring embedded WebApplicationContext
2026-01-16T17:13:14.759+06:00  INFO 21944 --- [auth-service] [           main] w.s.c.ServletWebServerApplicationContext : Root WebApplicationContext: initialization completed in 4090 ms
2026-01-16T17:13:15.506+06:00  INFO 21944 --- [auth-service] [           main] o.hibernate.jpa.internal.util.LogHelper  : HHH000204: Processing PersistenceUnitInfo [name: default]
2026-01-16T17:13:15.588+06:00  INFO 21944 --- [auth-service] [           main] org.hibernate.Version                    : HHH000412: Hibernate ORM core version 6.5.3.Final
2026-01-16T17:13:15.636+06:00  INFO 21944 --- [auth-service] [           main] o.h.c.internal.RegionFactoryInitiator    : HHH000026: Second-level cache disabled
2026-01-16T17:13:16.098+06:00  INFO 21944 --- [auth-service] [           main] o.s.o.j.p.SpringPersistenceUnitInfo      : No LoadTimeWeaver setup: ignoring JPA class transformer
2026-01-16T17:13:16.146+06:00  INFO 21944 --- [auth-service] [           main] com.zaxxer.hikari.HikariDataSource       : HikariPool-1 - Starting...
2026-01-16T17:13:16.496+06:00  INFO 21944 --- [auth-service] [           main] com.zaxxer.hikari.pool.HikariPool        : HikariPool-1 - Added connection org.postgresql.jdbc.PgConnection@52849956
2026-01-16T17:13:16.500+06:00  INFO 21944 --- [auth-service] [           main] com.zaxxer.hikari.HikariDataSource       : HikariPool-1 - Start completed.
2026-01-16T17:13:18.523+06:00  INFO 21944 --- [auth-service] [           main] o.h.e.t.j.p.i.JtaPlatformInitiator       : HHH000489: No JTA platform available (set 'hibernate.transaction.jta.platform' to enable JTA platform integration)
2026-01-16T17:13:18.654+06:00  INFO 21944 --- [auth-service] [           main] j.LocalContainerEntityManagerFactoryBean : Initialized JPA EntityManagerFactory for persistence unit 'default'
2026-01-16T17:13:19.706+06:00  WARN 21944 --- [auth-service] [           main] .s.s.UserDetailsServiceAutoConfiguration : 

Using generated security password: abcb7b62-d447-47a6-8cf3-f6268d88e7e7

This generated password is for development use only. Your security configuration must be updated before running your application in production.

2026-01-16T17:13:19.719+06:00  INFO 21944 --- [auth-service] [           main] r$InitializeUserDetailsManagerConfigurer : Global AuthenticationManager configured with UserDetailsService bean with name inMemoryUserDetailsManager
2026-01-16T17:13:20.618+06:00  INFO 21944 --- [auth-service] [           main] o.s.b.a.e.web.EndpointLinksResolver      : Exposing 2 endpoints beneath base path '/actuator'
2026-01-16T17:13:21.494+06:00  INFO 21944 --- [auth-service] [           main] DiscoveryClientOptionalArgsConfiguration : Eureka HTTP Client uses RestTemplate.
2026-01-16T17:13:21.591+06:00  WARN 21944 --- [auth-service] [           main] iguration$LoadBalancerCaffeineWarnLogger : Spring Cloud LoadBalancer is currently working with the default cache. While this cache implementation is useful for development and tests, it's recommended to use Caffeine cache in production.You can switch to using Caffeine cache, by adding it and org.springframework.cache.caffeine.CaffeineCacheManager to the classpath.
2026-01-16T17:13:21.673+06:00  INFO 21944 --- [auth-service] [           main] o.s.c.n.eureka.InstanceInfoFactory       : Setting initial instance status as: STARTING
2026-01-16T17:13:21.720+06:00  INFO 21944 --- [auth-service] [           main] com.netflix.discovery.DiscoveryClient    : Initializing Eureka in region us-east-1
2026-01-16T17:13:21.727+06:00  INFO 21944 --- [auth-service] [           main] c.n.d.s.r.aws.ConfigClusterResolver      : Resolving eureka endpoints via configuration
2026-01-16T17:13:21.743+06:00  INFO 21944 --- [auth-service] [           main] com.netflix.discovery.DiscoveryClient    : Disable delta property : false
2026-01-16T17:13:21.743+06:00  INFO 21944 --- [auth-service] [           main] com.netflix.discovery.DiscoveryClient    : Single vip registry refresh property : null
2026-01-16T17:13:21.744+06:00  INFO 21944 --- [auth-service] [           main] com.netflix.discovery.DiscoveryClient    : Force full registry fetch : false
2026-01-16T17:13:21.744+06:00  INFO 21944 --- [auth-service] [           main] com.netflix.discovery.DiscoveryClient    : Application is null : false
2026-01-16T17:13:21.745+06:00  INFO 21944 --- [auth-service] [           main] com.netflix.discovery.DiscoveryClient    : Registered Applications size is zero : true
2026-01-16T17:13:21.745+06:00  INFO 21944 --- [auth-service] [           main] com.netflix.discovery.DiscoveryClient    : Application version is -1: true
2026-01-16T17:13:21.746+06:00  INFO 21944 --- [auth-service] [           main] com.netflix.discovery.DiscoveryClient    : Getting all instance registry info from the eureka server
2026-01-16T17:13:21.904+06:00  INFO 21944 --- [auth-service] [           main] com.netflix.discovery.DiscoveryClient    : The response status is 200
2026-01-16T17:13:21.905+06:00  INFO 21944 --- [auth-service] [           main] com.netflix.discovery.DiscoveryClient    : Starting heartbeat executor: renew interval is: 30
2026-01-16T17:13:21.907+06:00  INFO 21944 --- [auth-service] [           main] c.n.discovery.InstanceInfoReplicator     : InstanceInfoReplicator onDemand update allowed rate per min is 4
2026-01-16T17:13:21.909+06:00  INFO 21944 --- [auth-service] [           main] com.netflix.discovery.DiscoveryClient    : Discovery Client initialized at timestamp 1768562001908 with initial instances count: 0
2026-01-16T17:13:21.916+06:00  INFO 21944 --- [auth-service] [           main] o.s.c.n.e.s.EurekaServiceRegistry        : Registering application AUTH-SERVICE with eureka with status UP
2026-01-16T17:13:21.917+06:00  INFO 21944 --- [auth-service] [           main] com.netflix.discovery.DiscoveryClient    : Saw local status change event StatusChangeEvent [timestamp=1768562001917, current=UP, previous=STARTING]
2026-01-16T17:13:21.919+06:00  INFO 21944 --- [auth-service] [foReplicator-%d] com.netflix.discovery.DiscoveryClient    : DiscoveryClient_AUTH-SERVICE/DESKTOP-75B4A1I.mshome.net:auth-service:8081: registering service...
2026-01-16T17:13:21.938+06:00  INFO 21944 --- [auth-service] [           main] o.s.b.w.embedded.tomcat.TomcatWebServer  : Tomcat started on port 8081 (http) with context path '/'
2026-01-16T17:13:21.939+06:00  INFO 21944 --- [auth-service] [           main] .s.c.n.e.s.EurekaAutoServiceRegistration : Updating port to 8081
2026-01-16T17:13:21.962+06:00  INFO 21944 --- [auth-service] [foReplicator-%d] com.netflix.discovery.DiscoveryClient    : DiscoveryClient_AUTH-SERVICE/DESKTOP-75B4A1I.mshome.net:auth-service:8081 - registration status: 204
2026-01-16T17:13:21.964+06:00  INFO 21944 --- [auth-service] [           main] o.e.m.auth.AuthServiceApplication        : Started AuthServiceApplication in 15.349 seconds (process running for 17.206)
2026-01-16T17:13:51.909+06:00  INFO 21944 --- [auth-service] [reshExecutor-%d] com.netflix.discovery.DiscoveryClient    : Disable delta property : false
2026-01-16T17:13:51.909+06:00  INFO 21944 --- [auth-service] [reshExecutor-%d] com.netflix.discovery.DiscoveryClient    : Single vip registry refresh property : null
2026-01-16T17:13:51.909+06:00  INFO 21944 --- [auth-service] [reshExecutor-%d] com.netflix.discovery.DiscoveryClient    : Force full registry fetch : false
2026-01-16T17:13:51.909+06:00  INFO 21944 --- [auth-service] [reshExecutor-%d] com.netflix.discovery.DiscoveryClient    : Application is null : false
2026-01-16T17:13:51.909+06:00  INFO 21944 --- [auth-service] [reshExecutor-%d] com.netflix.discovery.DiscoveryClient    : Registered Applications size is zero : true
2026-01-16T17:13:51.909+06:00  INFO 21944 --- [auth-service] [reshExecutor-%d] com.netflix.discovery.DiscoveryClient    : Application version is -1: false
2026-01-16T17:13:51.909+06:00  INFO 21944 --- [auth-service] [reshExecutor-%d] com.netflix.discovery.DiscoveryClient    : Getting all instance registry info from the eureka server
2026-01-16T17:13:51.935+06:00  INFO 21944 --- [auth-service] [reshExecutor-%d] com.netflix.discovery.DiscoveryClient    : The response status is 200
2026-01-16T17:18:21.762+06:00  INFO 21944 --- [auth-service] [rap-executor-%d] c.n.d.s.r.aws.ConfigClusterResolver      : Resolving eureka endpoints via configuration
2026-01-16T17:23:21.778+06:00  INFO 21944 --- [auth-service] [rap-executor-%d] c.n.d.s.r.aws.ConfigClusterResolver      : Resolving eureka endpoints via configuration
2026-01-16T17:28:21.794+06:00  INFO 21944 --- [auth-service] [rap-executor-%d] c.n.d.s.r.aws.ConfigClusterResolver      : Resolving eureka endpoints via configuration
