[INFO] Scanning for projects...
[INFO] 
[INFO] ----------------------< org.example:cart-service >----------------------
[INFO] Building cart-service 0.0.1-SNAPSHOT
[INFO]   from pom.xml
[INFO] --------------------------------[ jar ]---------------------------------
[INFO] 
[INFO] >>> spring-boot:3.3.6:run (default-cli) > test-compile @ cart-service >>>
[INFO] 
[INFO] --- resources:3.3.1:resources (default-resources) @ cart-service ---
[INFO] Copying 1 resource from src\main\resources to target\classes
[INFO] Copying 0 resource from src\main\resources to target\classes
[INFO] 
[INFO] --- compiler:3.13.0:compile (default-compile) @ cart-service ---
[INFO] Nothing to compile - all classes are up to date.
[INFO] 
[INFO] --- resources:3.3.1:testResources (default-testResources) @ cart-service ---
[INFO] skip non existing resourceDirectory C:\Users\ProBook\Desktop\MegaSegaShop\cart-service\src\test\resources
[INFO] 
[INFO] --- compiler:3.13.0:testCompile (default-testCompile) @ cart-service ---
[INFO] Nothing to compile - all classes are up to date.
[INFO] 
[INFO] <<< spring-boot:3.3.6:run (default-cli) < test-compile @ cart-service <<<
[INFO] 
[INFO] 
[INFO] --- spring-boot:3.3.6:run (default-cli) @ cart-service ---
[INFO] Attaching agents: []

  .   ____          _            __ _ _
 /\\ / ___'_ __ _ _(_)_ __  __ _ \ \ \ \
( ( )\___ | '_ | '_| | '_ \/ _` | \ \ \ \
 \\/  ___)| |_)| | | | | || (_| |  ) ) ) )
  '  |____| .__|_| |_|_| |_\__, | / / / /
 =========|_|==============|___/=/_/_/_/

 :: Spring Boot ::                (v3.3.6)

2026-01-16T17:13:10.312+06:00  INFO 25776 --- [cart-service] [           main] o.e.m.cart.CartServiceApplication        : Starting CartServiceApplication using Java 21.0.9 with PID 25776 (C:\Users\ProBook\Desktop\MegaSegaShop\cart-service\target\classes started by ProBook in C:\Users\ProBook\Desktop\MegaSegaShop\cart-service)
2026-01-16T17:13:10.316+06:00  INFO 25776 --- [cart-service] [           main] o.e.m.cart.CartServiceApplication        : No active profile set, falling back to 1 default profile: "default"
2026-01-16T17:13:10.423+06:00  INFO 25776 --- [cart-service] [           main] o.s.c.c.c.ConfigServerConfigDataLoader   : Fetching config from server at : http://localhost:8888
2026-01-16T17:13:10.451+06:00  INFO 25776 --- [cart-service] [           main] o.s.c.c.c.ConfigServerConfigDataLoader   : Located environment: name=cart-service, profiles=[default], label=null, version=null, state=null
2026-01-16T17:13:12.691+06:00  INFO 25776 --- [cart-service] [           main] .s.d.r.c.RepositoryConfigurationDelegate : Bootstrapping Spring Data JPA repositories in DEFAULT mode.
2026-01-16T17:13:12.914+06:00  INFO 25776 --- [cart-service] [           main] .s.d.r.c.RepositoryConfigurationDelegate : Finished Spring Data repository scanning in 212 ms. Found 1 JPA repository interface.
2026-01-16T17:13:13.324+06:00  INFO 25776 --- [cart-service] [           main] o.s.cloud.context.scope.GenericScope     : BeanFactory id=5d45597a-2426-3c0b-9a6d-d5ce4ffce989
2026-01-16T17:13:14.414+06:00  INFO 25776 --- [cart-service] [           main] o.s.b.w.embedded.tomcat.TomcatWebServer  : Tomcat initialized with port 8084 (http)
2026-01-16T17:13:14.443+06:00  INFO 25776 --- [cart-service] [           main] o.apache.catalina.core.StandardService   : Starting service [Tomcat]
2026-01-16T17:13:14.448+06:00  INFO 25776 --- [cart-service] [           main] o.apache.catalina.core.StandardEngine    : Starting Servlet engine: [Apache Tomcat/10.1.33]
2026-01-16T17:13:14.582+06:00  INFO 25776 --- [cart-service] [           main] o.a.c.c.C.[Tomcat].[localhost].[/]       : Initializing Spring embedded WebApplicationContext
2026-01-16T17:13:14.592+06:00  INFO 25776 --- [cart-service] [           main] w.s.c.ServletWebServerApplicationContext : Root WebApplicationContext: initialization completed in 4116 ms
2026-01-16T17:13:15.328+06:00  INFO 25776 --- [cart-service] [           main] o.hibernate.jpa.internal.util.LogHelper  : HHH000204: Processing PersistenceUnitInfo [name: default]
2026-01-16T17:13:15.469+06:00  INFO 25776 --- [cart-service] [           main] org.hibernate.Version                    : HHH000412: Hibernate ORM core version 6.5.3.Final
2026-01-16T17:13:15.538+06:00  INFO 25776 --- [cart-service] [           main] o.h.c.internal.RegionFactoryInitiator    : HHH000026: Second-level cache disabled
2026-01-16T17:13:16.081+06:00  INFO 25776 --- [cart-service] [           main] o.s.o.j.p.SpringPersistenceUnitInfo      : No LoadTimeWeaver setup: ignoring JPA class transformer
2026-01-16T17:13:16.142+06:00  INFO 25776 --- [cart-service] [           main] com.zaxxer.hikari.HikariDataSource       : HikariPool-1 - Starting...
2026-01-16T17:13:16.546+06:00  INFO 25776 --- [cart-service] [           main] com.zaxxer.hikari.pool.HikariPool        : HikariPool-1 - Added connection org.postgresql.jdbc.PgConnection@5300694d
2026-01-16T17:13:16.549+06:00  INFO 25776 --- [cart-service] [           main] com.zaxxer.hikari.HikariDataSource       : HikariPool-1 - Start completed.
2026-01-16T17:13:18.580+06:00  INFO 25776 --- [cart-service] [           main] o.h.e.t.j.p.i.JtaPlatformInitiator       : HHH000489: No JTA platform available (set 'hibernate.transaction.jta.platform' to enable JTA platform integration)
2026-01-16T17:13:18.771+06:00  INFO 25776 --- [cart-service] [           main] j.LocalContainerEntityManagerFactoryBean : Initialized JPA EntityManagerFactory for persistence unit 'default'
2026-01-16T17:13:19.659+06:00  INFO 25776 --- [cart-service] [           main] o.s.c.openfeign.FeignClientFactoryBean   : For 'product-service' URL not provided. Will try picking an instance via load-balancing.
2026-01-16T17:13:20.907+06:00  INFO 25776 --- [cart-service] [           main] DiscoveryClientOptionalArgsConfiguration : Eureka HTTP Client uses RestTemplate.
2026-01-16T17:13:20.963+06:00  WARN 25776 --- [cart-service] [           main] iguration$LoadBalancerCaffeineWarnLogger : Spring Cloud LoadBalancer is currently working with the default cache. While this cache implementation is useful for development and tests, it's recommended to use Caffeine cache in production.You can switch to using Caffeine cache, by adding it and org.springframework.cache.caffeine.CaffeineCacheManager to the classpath.
2026-01-16T17:13:20.993+06:00  INFO 25776 --- [cart-service] [           main] o.s.b.a.e.web.EndpointLinksResolver      : Exposing 2 endpoints beneath base path '/actuator'
2026-01-16T17:13:21.106+06:00  INFO 25776 --- [cart-service] [           main] o.s.c.n.eureka.InstanceInfoFactory       : Setting initial instance status as: STARTING
2026-01-16T17:13:21.142+06:00  INFO 25776 --- [cart-service] [           main] com.netflix.discovery.DiscoveryClient    : Initializing Eureka in region us-east-1
2026-01-16T17:13:21.150+06:00  INFO 25776 --- [cart-service] [           main] c.n.d.s.r.aws.ConfigClusterResolver      : Resolving eureka endpoints via configuration
2026-01-16T17:13:21.165+06:00  INFO 25776 --- [cart-service] [           main] com.netflix.discovery.DiscoveryClient    : Disable delta property : false
2026-01-16T17:13:21.165+06:00  INFO 25776 --- [cart-service] [           main] com.netflix.discovery.DiscoveryClient    : Single vip registry refresh property : null
2026-01-16T17:13:21.165+06:00  INFO 25776 --- [cart-service] [           main] com.netflix.discovery.DiscoveryClient    : Force full registry fetch : false
2026-01-16T17:13:21.166+06:00  INFO 25776 --- [cart-service] [           main] com.netflix.discovery.DiscoveryClient    : Application is null : false
2026-01-16T17:13:21.167+06:00  INFO 25776 --- [cart-service] [           main] com.netflix.discovery.DiscoveryClient    : Registered Applications size is zero : true
2026-01-16T17:13:21.167+06:00  INFO 25776 --- [cart-service] [           main] com.netflix.discovery.DiscoveryClient    : Application version is -1: true
2026-01-16T17:13:21.167+06:00  INFO 25776 --- [cart-service] [           main] com.netflix.discovery.DiscoveryClient    : Getting all instance registry info from the eureka server
2026-01-16T17:13:21.575+06:00  INFO 25776 --- [cart-service] [           main] com.netflix.discovery.DiscoveryClient    : The response status is 200
2026-01-16T17:13:21.578+06:00  INFO 25776 --- [cart-service] [           main] com.netflix.discovery.DiscoveryClient    : Starting heartbeat executor: renew interval is: 30
2026-01-16T17:13:21.581+06:00  INFO 25776 --- [cart-service] [           main] c.n.discovery.InstanceInfoReplicator     : InstanceInfoReplicator onDemand update allowed rate per min is 4
2026-01-16T17:13:21.583+06:00  INFO 25776 --- [cart-service] [           main] com.netflix.discovery.DiscoveryClient    : Discovery Client initialized at timestamp 1768562001582 with initial instances count: 0
2026-01-16T17:13:21.590+06:00  INFO 25776 --- [cart-service] [           main] o.s.c.n.e.s.EurekaServiceRegistry        : Registering application CART-SERVICE with eureka with status UP
2026-01-16T17:13:21.592+06:00  INFO 25776 --- [cart-service] [           main] com.netflix.discovery.DiscoveryClient    : Saw local status change event StatusChangeEvent [timestamp=1768562001592, current=UP, previous=STARTING]
2026-01-16T17:13:21.593+06:00  INFO 25776 --- [cart-service] [foReplicator-%d] com.netflix.discovery.DiscoveryClient    : DiscoveryClient_CART-SERVICE/DESKTOP-75B4A1I.mshome.net:cart-service:8084: registering service...
2026-01-16T17:13:21.614+06:00  INFO 25776 --- [cart-service] [           main] o.s.b.w.embedded.tomcat.TomcatWebServer  : Tomcat started on port 8084 (http) with context path '/'
2026-01-16T17:13:21.617+06:00  INFO 25776 --- [cart-service] [           main] .s.c.n.e.s.EurekaAutoServiceRegistration : Updating port to 8084
2026-01-16T17:13:21.642+06:00  INFO 25776 --- [cart-service] [           main] o.e.m.cart.CartServiceApplication        : Started CartServiceApplication in 15.027 seconds (process running for 16.85)
2026-01-16T17:13:21.646+06:00  INFO 25776 --- [cart-service] [foReplicator-%d] com.netflix.discovery.DiscoveryClient    : DiscoveryClient_CART-SERVICE/DESKTOP-75B4A1I.mshome.net:cart-service:8084 - registration status: 204
2026-01-16T17:13:51.579+06:00  INFO 25776 --- [cart-service] [reshExecutor-%d] com.netflix.discovery.DiscoveryClient    : Disable delta property : false
2026-01-16T17:13:51.579+06:00  INFO 25776 --- [cart-service] [reshExecutor-%d] com.netflix.discovery.DiscoveryClient    : Single vip registry refresh property : null
2026-01-16T17:13:51.579+06:00  INFO 25776 --- [cart-service] [reshExecutor-%d] com.netflix.discovery.DiscoveryClient    : Force full registry fetch : false
2026-01-16T17:13:51.579+06:00  INFO 25776 --- [cart-service] [reshExecutor-%d] com.netflix.discovery.DiscoveryClient    : Application is null : false
2026-01-16T17:13:51.579+06:00  INFO 25776 --- [cart-service] [reshExecutor-%d] com.netflix.discovery.DiscoveryClient    : Registered Applications size is zero : true
2026-01-16T17:13:51.579+06:00  INFO 25776 --- [cart-service] [reshExecutor-%d] com.netflix.discovery.DiscoveryClient    : Application version is -1: false
2026-01-16T17:13:51.579+06:00  INFO 25776 --- [cart-service] [reshExecutor-%d] com.netflix.discovery.DiscoveryClient    : Getting all instance registry info from the eureka server
2026-01-16T17:13:51.607+06:00  INFO 25776 --- [cart-service] [reshExecutor-%d] com.netflix.discovery.DiscoveryClient    : The response status is 200
2026-01-16T17:18:21.173+06:00  INFO 25776 --- [cart-service] [rap-executor-%d] c.n.d.s.r.aws.ConfigClusterResolver      : Resolving eureka endpoints via configuration
2026-01-16T17:23:21.215+06:00  INFO 25776 --- [cart-service] [rap-executor-%d] c.n.d.s.r.aws.ConfigClusterResolver      : Resolving eureka endpoints via configuration
2026-01-16T17:28:21.231+06:00  INFO 25776 --- [cart-service] [rap-executor-%d] c.n.d.s.r.aws.ConfigClusterResolver      : Resolving eureka endpoints via configuration
