[INFO] Scanning for projects...
[INFO] 
[INFO] --------------------< org.example:product-service >---------------------
[INFO] Building product-service 0.0.1-SNAPSHOT
[INFO]   from pom.xml
[INFO] --------------------------------[ jar ]---------------------------------
[INFO] 
[INFO] >>> spring-boot:3.3.6:run (default-cli) > test-compile @ product-service >>>
[INFO] 
[INFO] --- resources:3.3.1:resources (default-resources) @ product-service ---
[INFO] Copying 1 resource from src\main\resources to target\classes
[INFO] Copying 0 resource from src\main\resources to target\classes
[INFO] 
[INFO] --- compiler:3.13.0:compile (default-compile) @ product-service ---
[INFO] Nothing to compile - all classes are up to date.
[INFO] 
[INFO] --- resources:3.3.1:testResources (default-testResources) @ product-service ---
[INFO] Copying 1 resource from src\test\resources to target\test-classes
[INFO] 
[INFO] --- compiler:3.13.0:testCompile (default-testCompile) @ product-service ---
[INFO] Nothing to compile - all classes are up to date.
[INFO] 
[INFO] <<< spring-boot:3.3.6:run (default-cli) < test-compile @ product-service <<<
[INFO] 
[INFO] 
[INFO] --- spring-boot:3.3.6:run (default-cli) @ product-service ---
[INFO] Attaching agents: []

  .   ____          _            __ _ _
 /\\ / ___'_ __ _ _(_)_ __  __ _ \ \ \ \
( ( )\___ | '_ | '_| | '_ \/ _` | \ \ \ \
 \\/  ___)| |_)| | | | | || (_| |  ) ) ) )
  '  |____| .__|_| |_|_| |_\__, | / / / /
 =========|_|==============|___/=/_/_/_/

 :: Spring Boot ::                (v3.3.6)

2026-01-16T17:13:10.343+06:00  INFO 25816 --- [product-service] [           main] o.e.m.product.ProductServiceApplication  : Starting ProductServiceApplication using Java 21.0.9 with PID 25816 (C:\Users\ProBook\Desktop\MegaSegaShop\product-service\target\classes started by ProBook in C:\Users\ProBook\Desktop\MegaSegaShop\product-service)
2026-01-16T17:13:10.347+06:00  INFO 25816 --- [product-service] [           main] o.e.m.product.ProductServiceApplication  : No active profile set, falling back to 1 default profile: "default"
2026-01-16T17:13:10.448+06:00  INFO 25816 --- [product-service] [           main] o.s.c.c.c.ConfigServerConfigDataLoader   : Fetching config from server at : http://localhost:8888
2026-01-16T17:13:10.465+06:00  INFO 25816 --- [product-service] [           main] o.s.c.c.c.ConfigServerConfigDataLoader   : Located environment: name=product-service, profiles=[default], label=null, version=null, state=null
2026-01-16T17:13:12.956+06:00  INFO 25816 --- [product-service] [           main] .s.d.r.c.RepositoryConfigurationDelegate : Multiple Spring Data modules found, entering strict repository configuration mode
2026-01-16T17:13:12.960+06:00  INFO 25816 --- [product-service] [           main] .s.d.r.c.RepositoryConfigurationDelegate : Bootstrapping Spring Data JPA repositories in DEFAULT mode.
2026-01-16T17:13:13.196+06:00  INFO 25816 --- [product-service] [           main] .s.d.r.c.RepositoryConfigurationDelegate : Finished Spring Data repository scanning in 227 ms. Found 3 JPA repository interfaces.
2026-01-16T17:13:13.224+06:00  INFO 25816 --- [product-service] [           main] .s.d.r.c.RepositoryConfigurationDelegate : Multiple Spring Data modules found, entering strict repository configuration mode
2026-01-16T17:13:13.226+06:00  INFO 25816 --- [product-service] [           main] .s.d.r.c.RepositoryConfigurationDelegate : Bootstrapping Spring Data Redis repositories in DEFAULT mode.
2026-01-16T17:13:13.255+06:00  INFO 25816 --- [product-service] [           main] .RepositoryConfigurationExtensionSupport : Spring Data Redis - Could not safely identify store assignment for repository candidate interface org.example.megasegashop.product.repository.CategoryRepository; If you want this repository to be a Redis repository, consider annotating your entities with one of these annotations: org.springframework.data.redis.core.RedisHash (preferred), or consider extending one of the following types with your repository: org.springframework.data.keyvalue.repository.KeyValueRepository
2026-01-16T17:13:13.256+06:00  INFO 25816 --- [product-service] [           main] .RepositoryConfigurationExtensionSupport : Spring Data Redis - Could not safely identify store assignment for repository candidate interface org.example.megasegashop.product.repository.ImageRepository; If you want this repository to be a Redis repository, consider annotating your entities with one of these annotations: org.springframework.data.redis.core.RedisHash (preferred), or consider extending one of the following types with your repository: org.springframework.data.keyvalue.repository.KeyValueRepository
2026-01-16T17:13:13.257+06:00  INFO 25816 --- [product-service] [           main] .RepositoryConfigurationExtensionSupport : Spring Data Redis - Could not safely identify store assignment for repository candidate interface org.example.megasegashop.product.repository.ProductRepository; If you want this repository to be a Redis repository, consider annotating your entities with one of these annotations: org.springframework.data.redis.core.RedisHash (preferred), or consider extending one of the following types with your repository: org.springframework.data.keyvalue.repository.KeyValueRepository
2026-01-16T17:13:13.257+06:00  INFO 25816 --- [product-service] [           main] .s.d.r.c.RepositoryConfigurationDelegate : Finished Spring Data repository scanning in 13 ms. Found 0 Redis repository interfaces.
2026-01-16T17:13:13.752+06:00  INFO 25816 --- [product-service] [           main] o.s.cloud.context.scope.GenericScope     : BeanFactory id=bca75e1c-2dd3-3fcc-83ee-4ddf40a0ae8f
2026-01-16T17:13:15.091+06:00  INFO 25816 --- [product-service] [           main] o.s.b.w.embedded.tomcat.TomcatWebServer  : Tomcat initialized with port 8083 (http)
2026-01-16T17:13:15.118+06:00  INFO 25816 --- [product-service] [           main] o.apache.catalina.core.StandardService   : Starting service [Tomcat]
2026-01-16T17:13:15.119+06:00  INFO 25816 --- [product-service] [           main] o.apache.catalina.core.StandardEngine    : Starting Servlet engine: [Apache Tomcat/10.1.33]
2026-01-16T17:13:15.258+06:00  INFO 25816 --- [product-service] [           main] o.a.c.c.C.[Tomcat].[localhost].[/]       : Initializing Spring embedded WebApplicationContext
2026-01-16T17:13:15.260+06:00  INFO 25816 --- [product-service] [           main] w.s.c.ServletWebServerApplicationContext : Root WebApplicationContext: initialization completed in 4639 ms
2026-01-16T17:13:16.485+06:00  INFO 25816 --- [product-service] [           main] o.hibernate.jpa.internal.util.LogHelper  : HHH000204: Processing PersistenceUnitInfo [name: default]
2026-01-16T17:13:16.562+06:00  INFO 25816 --- [product-service] [           main] org.hibernate.Version                    : HHH000412: Hibernate ORM core version 6.5.3.Final
2026-01-16T17:13:16.606+06:00  INFO 25816 --- [product-service] [           main] o.h.c.internal.RegionFactoryInitiator    : HHH000026: Second-level cache disabled
2026-01-16T17:13:17.185+06:00  INFO 25816 --- [product-service] [           main] o.s.o.j.p.SpringPersistenceUnitInfo      : No LoadTimeWeaver setup: ignoring JPA class transformer
2026-01-16T17:13:17.249+06:00  INFO 25816 --- [product-service] [           main] com.zaxxer.hikari.HikariDataSource       : HikariPool-1 - Starting...
2026-01-16T17:13:17.575+06:00  INFO 25816 --- [product-service] [           main] com.zaxxer.hikari.pool.HikariPool        : HikariPool-1 - Added connection org.postgresql.jdbc.PgConnection@3fc7abf6
2026-01-16T17:13:17.577+06:00  INFO 25816 --- [product-service] [           main] com.zaxxer.hikari.HikariDataSource       : HikariPool-1 - Start completed.
2026-01-16T17:13:19.582+06:00  INFO 25816 --- [product-service] [           main] o.h.e.t.j.p.i.JtaPlatformInitiator       : HHH000489: No JTA platform available (set 'hibernate.transaction.jta.platform' to enable JTA platform integration)
2026-01-16T17:13:19.758+06:00  INFO 25816 --- [product-service] [           main] j.LocalContainerEntityManagerFactoryBean : Initialized JPA EntityManagerFactory for persistence unit 'default'
2026-01-16T17:13:20.834+06:00  INFO 25816 --- [product-service] [           main] o.s.c.openfeign.FeignClientFactoryBean   : For 'inventory-service' URL not provided. Will try picking an instance via load-balancing.
2026-01-16T17:13:22.189+06:00  INFO 25816 --- [product-service] [           main] DiscoveryClientOptionalArgsConfiguration : Eureka HTTP Client uses RestTemplate.
2026-01-16T17:13:22.229+06:00  WARN 25816 --- [product-service] [           main] iguration$LoadBalancerCaffeineWarnLogger : Spring Cloud LoadBalancer is currently working with the default cache. While this cache implementation is useful for development and tests, it's recommended to use Caffeine cache in production.You can switch to using Caffeine cache, by adding it and org.springframework.cache.caffeine.CaffeineCacheManager to the classpath.
2026-01-16T17:13:22.249+06:00  INFO 25816 --- [product-service] [           main] o.s.b.a.e.web.EndpointLinksResolver      : Exposing 2 endpoints beneath base path '/actuator'
2026-01-16T17:13:22.325+06:00  INFO 25816 --- [product-service] [           main] o.s.c.n.eureka.InstanceInfoFactory       : Setting initial instance status as: STARTING
2026-01-16T17:13:22.348+06:00  INFO 25816 --- [product-service] [           main] com.netflix.discovery.DiscoveryClient    : Initializing Eureka in region us-east-1
2026-01-16T17:13:22.352+06:00  INFO 25816 --- [product-service] [           main] c.n.d.s.r.aws.ConfigClusterResolver      : Resolving eureka endpoints via configuration
2026-01-16T17:13:22.361+06:00  INFO 25816 --- [product-service] [           main] com.netflix.discovery.DiscoveryClient    : Disable delta property : false
2026-01-16T17:13:22.362+06:00  INFO 25816 --- [product-service] [           main] com.netflix.discovery.DiscoveryClient    : Single vip registry refresh property : null
2026-01-16T17:13:22.362+06:00  INFO 25816 --- [product-service] [           main] com.netflix.discovery.DiscoveryClient    : Force full registry fetch : false
2026-01-16T17:13:22.362+06:00  INFO 25816 --- [product-service] [           main] com.netflix.discovery.DiscoveryClient    : Application is null : false
2026-01-16T17:13:22.362+06:00  INFO 25816 --- [product-service] [           main] com.netflix.discovery.DiscoveryClient    : Registered Applications size is zero : true
2026-01-16T17:13:22.362+06:00  INFO 25816 --- [product-service] [           main] com.netflix.discovery.DiscoveryClient    : Application version is -1: true
2026-01-16T17:13:22.363+06:00  INFO 25816 --- [product-service] [           main] com.netflix.discovery.DiscoveryClient    : Getting all instance registry info from the eureka server
2026-01-16T17:13:22.602+06:00  INFO 25816 --- [product-service] [           main] com.netflix.discovery.DiscoveryClient    : The response status is 200
2026-01-16T17:13:22.605+06:00  INFO 25816 --- [product-service] [           main] com.netflix.discovery.DiscoveryClient    : Starting heartbeat executor: renew interval is: 30
2026-01-16T17:13:22.606+06:00  INFO 25816 --- [product-service] [           main] c.n.discovery.InstanceInfoReplicator     : InstanceInfoReplicator onDemand update allowed rate per min is 4
2026-01-16T17:13:22.608+06:00  INFO 25816 --- [product-service] [           main] com.netflix.discovery.DiscoveryClient    : Discovery Client initialized at timestamp 1768562002607 with initial instances count: 0
2026-01-16T17:13:22.615+06:00  INFO 25816 --- [product-service] [           main] o.s.c.n.e.s.EurekaServiceRegistry        : Registering application PRODUCT-SERVICE with eureka with status UP
2026-01-16T17:13:22.616+06:00  INFO 25816 --- [product-service] [           main] com.netflix.discovery.DiscoveryClient    : Saw local status change event StatusChangeEvent [timestamp=1768562002616, current=UP, previous=STARTING]
2026-01-16T17:13:22.617+06:00  INFO 25816 --- [product-service] [foReplicator-%d] com.netflix.discovery.DiscoveryClient    : DiscoveryClient_PRODUCT-SERVICE/DESKTOP-75B4A1I.mshome.net:product-service:8083: registering service...
2026-01-16T17:13:22.634+06:00  INFO 25816 --- [product-service] [           main] o.s.b.w.embedded.tomcat.TomcatWebServer  : Tomcat started on port 8083 (http) with context path '/'
2026-01-16T17:13:22.635+06:00  INFO 25816 --- [product-service] [           main] .s.c.n.e.s.EurekaAutoServiceRegistration : Updating port to 8083
2026-01-16T17:13:22.654+06:00  INFO 25816 --- [product-service] [foReplicator-%d] com.netflix.discovery.DiscoveryClient    : DiscoveryClient_PRODUCT-SERVICE/DESKTOP-75B4A1I.mshome.net:product-service:8083 - registration status: 204
2026-01-16T17:13:22.655+06:00  INFO 25816 --- [product-service] [           main] o.e.m.product.ProductServiceApplication  : Started ProductServiceApplication in 15.853 seconds (process running for 17.795)
2026-01-16T17:13:52.606+06:00  INFO 25816 --- [product-service] [reshExecutor-%d] com.netflix.discovery.DiscoveryClient    : Disable delta property : false
2026-01-16T17:13:52.606+06:00  INFO 25816 --- [product-service] [reshExecutor-%d] com.netflix.discovery.DiscoveryClient    : Single vip registry refresh property : null
2026-01-16T17:13:52.606+06:00  INFO 25816 --- [product-service] [reshExecutor-%d] com.netflix.discovery.DiscoveryClient    : Force full registry fetch : false
2026-01-16T17:13:52.607+06:00  INFO 25816 --- [product-service] [reshExecutor-%d] com.netflix.discovery.DiscoveryClient    : Application is null : false
2026-01-16T17:13:52.607+06:00  INFO 25816 --- [product-service] [reshExecutor-%d] com.netflix.discovery.DiscoveryClient    : Registered Applications size is zero : true
2026-01-16T17:13:52.607+06:00  INFO 25816 --- [product-service] [reshExecutor-%d] com.netflix.discovery.DiscoveryClient    : Application version is -1: false
2026-01-16T17:13:52.607+06:00  INFO 25816 --- [product-service] [reshExecutor-%d] com.netflix.discovery.DiscoveryClient    : Getting all instance registry info from the eureka server
2026-01-16T17:13:52.636+06:00  INFO 25816 --- [product-service] [reshExecutor-%d] com.netflix.discovery.DiscoveryClient    : The response status is 200
2026-01-16T17:18:22.366+06:00  INFO 25816 --- [product-service] [rap-executor-%d] c.n.d.s.r.aws.ConfigClusterResolver      : Resolving eureka endpoints via configuration
2026-01-16T17:23:22.392+06:00  INFO 25816 --- [product-service] [rap-executor-%d] c.n.d.s.r.aws.ConfigClusterResolver      : Resolving eureka endpoints via configuration
2026-01-16T17:28:22.446+06:00  INFO 25816 --- [product-service] [rap-executor-%d] c.n.d.s.r.aws.ConfigClusterResolver      : Resolving eureka endpoints via configuration
